<?xml version="1.0" encoding="UTF-8"?>
<testng-results skipped="0" failed="0" ignored="0" total="1" passed="1">
  <reporter-output>
  </reporter-output>
  <suite name="RechargeSuite" duration-ms="326453" started-at="2022-03-06T16:04:50Z" finished-at="2022-03-06T16:10:17Z">
    <groups>
    </groups>
    <test name="RechargeSuite" duration-ms="326453" started-at="2022-03-06T16:04:50Z" finished-at="2022-03-06T16:10:17Z">
      <class name="suites.appsuites.RechargeSuite">
        <test-method status="PASS" signature="setUp()[pri:0, instance:suites.appsuites.RechargeSuite@6d00a15d]" name="setUp" is-config="true" duration-ms="5810" started-at="2022-03-06T21:34:44Z" finished-at="2022-03-06T21:34:50Z">
          <reporter-output>
          </reporter-output>
        </test-method> <!-- setUp -->
        <test-method status="PASS" signature="initializeObjects()[pri:0, instance:suites.appsuites.RechargeSuite@6d00a15d]" name="initializeObjects" is-config="true" duration-ms="13" started-at="2022-03-06T21:34:50Z" depends-on-methods="framework.base.FrameworkBaseSuite.setUp" finished-at="2022-03-06T21:34:50Z">
          <reporter-output>
          </reporter-output>
        </test-method> <!-- initializeObjects -->
        <test-method status="PASS" signature="recharge(java.lang.String, java.lang.String, java.lang.String, java.lang.String)[pri:0, instance:suites.appsuites.RechargeSuite@6d00a15d]" name="recharge" duration-ms="326421" started-at="2022-03-06T21:34:50Z" finished-at="2022-03-06T21:40:16Z">
          <params>
            <param index="0">
              <value>
                <![CDATA[true]]>
              </value>
            </param>
            <param index="1">
              <value>
                <![CDATA[7]]>
              </value>
            </param>
            <param index="2">
              <value>
                <![CDATA[10]]>
              </value>
            </param>
            <param index="3">
              <value>
                <![CDATA[./status/recharge_06_March_2022_21_34_38.html]]>
              </value>
            </param>
          </params>
          <reporter-output>
          </reporter-output>
        </test-method> <!-- recharge -->
        <test-method status="PASS" signature="teardown()[pri:0, instance:suites.appsuites.RechargeSuite@6d00a15d]" name="teardown" is-config="true" duration-ms="778" started-at="2022-03-06T21:40:17Z" finished-at="2022-03-06T21:40:17Z">
          <reporter-output>
          </reporter-output>
        </test-method> <!-- teardown -->
      </class> <!-- suites.appsuites.RechargeSuite -->
    </test> <!-- RechargeSuite -->
  </suite> <!-- RechargeSuite -->
</testng-results>
