<?xml version="1.0" encoding="UTF-8"?>
<testng-results skipped="0" failed="0" ignored="0" total="1" passed="1">
  <reporter-output>
  </reporter-output>
  <suite name="RechargeSuite" duration-ms="270193" started-at="2022-05-16T17:25:45Z" finished-at="2022-05-16T17:30:15Z">
    <groups>
    </groups>
    <test name="RechargeSuite" duration-ms="270193" started-at="2022-05-16T17:25:45Z" finished-at="2022-05-16T17:30:15Z">
      <class name="suites.appsuites.AddAddressSuite">
        <test-method status="PASS" signature="setUp()[pri:0, instance:suites.appsuites.AddAddressSuite@1f3b89c]" name="setUp" is-config="true" duration-ms="4885" started-at="2022-05-16T22:55:40Z" finished-at="2022-05-16T22:55:45Z">
          <reporter-output>
          </reporter-output>
        </test-method> <!-- setUp -->
        <test-method status="PASS" signature="initializeObjects()[pri:0, instance:suites.appsuites.AddAddressSuite@1f3b89c]" name="initializeObjects" is-config="true" duration-ms="25" started-at="2022-05-16T22:55:45Z" depends-on-methods="framework.base.FrameworkBaseSuite.setUp" finished-at="2022-05-16T22:55:45Z">
          <reporter-output>
          </reporter-output>
        </test-method> <!-- initializeObjects -->
        <test-method status="PASS" signature="gvCashback(java.lang.String, java.lang.String, java.lang.String, java.lang.String)[pri:0, instance:suites.appsuites.AddAddressSuite@1f3b89c]" name="gvCashback" duration-ms="270149" started-at="2022-05-16T22:55:45Z" finished-at="2022-05-16T23:00:15Z">
          <params>
            <param index="0">
              <value>
                <![CDATA[false]]>
              </value>
            </param>
            <param index="1">
              <value>
                <![CDATA[]]>
              </value>
            </param>
            <param index="2">
              <value>
                <![CDATA[]]>
              </value>
            </param>
            <param index="3">
              <value>
                <![CDATA[]]>
              </value>
            </param>
          </params>
          <reporter-output>
          </reporter-output>
        </test-method> <!-- gvCashback -->
        <test-method status="PASS" signature="teardown()[pri:0, instance:suites.appsuites.AddAddressSuite@1f3b89c]" name="teardown" is-config="true" duration-ms="768" started-at="2022-05-16T23:00:15Z" finished-at="2022-05-16T23:00:16Z">
          <reporter-output>
          </reporter-output>
        </test-method> <!-- teardown -->
      </class> <!-- suites.appsuites.AddAddressSuite -->
    </test> <!-- RechargeSuite -->
  </suite> <!-- RechargeSuite -->
</testng-results>
